#! /usr/bin/vvp -v
:ivl_version "10.3 (stable)";
:ivl_delay_selection "TYPICAL";
:vpi_time_precision - 12;
:vpi_module "system";
:vpi_module "vhdl_sys";
:vpi_module "v2005_math";
:vpi_module "va_math";
S_0x55fbf70261a0 .scope module, "tb" "tb" 2 17;
 .timescale -9 -12;
v0x55fbf70a1020_0 .var "clk", 0 0;
v0x55fbf70a10f0_0 .var "reset_", 0 0;
v0x55fbf70a1190_0 .var/i "sim_count", 31 0;
E_0x55fbf7059c30 .event edge, v0x55fbf70a1190_0;
S_0x55fbf7025c60 .scope module, "u_vga_driver" "ice40_vga_driver" 2 51, 3 263 0, S_0x55fbf70261a0;
 .timescale -9 -12;
    .port_info 0 /INPUT 1 "clk"
    .port_info 1 /OUTPUT 1 "o_v_sync"
    .port_info 2 /OUTPUT 1 "o_h_sync"
    .port_info 3 /OUTPUT 1 "o_r"
    .port_info 4 /OUTPUT 1 "o_g"
    .port_info 5 /OUTPUT 1 "o_b"
L_0x55fbf706c320 .functor BUFZ 1, v0x55fbf70a1020_0, C4<0>, C4<0>, C4<0>;
v0x55fbf70a0590_0 .net "b", 0 0, L_0x55fbf70b1890;  1 drivers
v0x55fbf70a0650_0 .net "clk", 0 0, v0x55fbf70a1020_0;  1 drivers
v0x55fbf70a06f0_0 .var "clk_25Mhz", 0 0;
v0x55fbf70a07c0_0 .net "clk_50Mhz", 0 0, L_0x55fbf706c320;  1 drivers
v0x55fbf70a0890_0 .net "fetch_next_pixel", 0 0, L_0x55fbf70b2f60;  1 drivers
v0x55fbf70a0980_0 .net "g", 0 0, L_0x55fbf70b17a0;  1 drivers
v0x55fbf70a0a20_0 .net "o_b", 0 0, L_0x55fbf70b36e0;  1 drivers
v0x55fbf70a0ac0_0 .net "o_g", 0 0, L_0x55fbf70b3620;  1 drivers
v0x55fbf70a0b90_0 .net "o_h_sync", 0 0, L_0x55fbf70b3f60;  1 drivers
v0x55fbf70a0c60_0 .net "o_r", 0 0, L_0x55fbf70b3520;  1 drivers
v0x55fbf70a0d30_0 .net "o_v_sync", 0 0, L_0x55fbf70b3990;  1 drivers
v0x55fbf70a0dd0_0 .var "pll_locked", 0 0;
v0x55fbf70a0e70_0 .net "r", 0 0, L_0x55fbf70b1660;  1 drivers
v0x55fbf70a0f10_0 .var "reset_", 0 0;
E_0x55fbf7059aa0 .event posedge, v0x55fbf70a0650_0;
L_0x55fbf70b1660 .part v0x55fbf709c380_0, 2, 1;
L_0x55fbf70b17a0 .part v0x55fbf709c380_0, 1, 1;
L_0x55fbf70b1890 .part v0x55fbf709c380_0, 0, 1;
S_0x55fbf6ff7b60 .scope module, "u_img_rom" "img_rom" 3 322, 3 14 0, S_0x55fbf7025c60;
 .timescale -9 -12;
    .port_info 0 /INPUT 1 "clk"
    .port_info 1 /INPUT 1 "reset_"
    .port_info 2 /INPUT 1 "i_fetch_next_pixel"
    .port_info 3 /OUTPUT 3 "o_pixel_rgb"
L_0x7f057c48b018 .functor BUFT 1, C4<1010000000>, C4<0>, C4<0>, C4<0>;
v0x55fbf707a490_0 .net/2u *"_s0", 9 0, L_0x7f057c48b018;  1 drivers
L_0x7f057c48b060 .functor BUFT 1, C4<111100000>, C4<0>, C4<0>, C4<0>;
v0x55fbf707c060_0 .net/2u *"_s4", 8 0, L_0x7f057c48b060;  1 drivers
v0x55fbf707c560_0 .net "clk", 0 0, v0x55fbf70a06f0_0;  1 drivers
v0x55fbf7075120_0 .net "frame_done", 0 0, L_0x55fbf70b1470;  1 drivers
v0x55fbf7074740_0 .net "i_fetch_next_pixel", 0 0, L_0x55fbf70b2f60;  alias, 1 drivers
v0x55fbf7073dc0_0 .var "line", 8 0;
v0x55fbf709c2a0_0 .net "o_pixel_rgb", 2 0, v0x55fbf709c380_0;  1 drivers
v0x55fbf709c380_0 .var "pixel_rgb", 2 0;
v0x55fbf709c460_0 .var "pixels_per_line", 9 0;
v0x55fbf709c540_0 .net "reset_", 0 0, L_0x55fbf70b3990;  alias, 1 drivers
v0x55fbf709c600_0 .net "row_done", 0 0, L_0x55fbf70b1350;  1 drivers
E_0x55fbf7059440 .event edge, v0x55fbf7073dc0_0, v0x55fbf709c460_0;
E_0x55fbf707ff20 .event posedge, v0x55fbf707c560_0;
L_0x55fbf70b1350 .cmp/ge 10, v0x55fbf709c460_0, L_0x7f057c48b018;
L_0x55fbf70b1470 .cmp/ge 9, v0x55fbf7073dc0_0, L_0x7f057c48b060;
S_0x55fbf706fc50 .scope module, "u_vga_core" "vga_driver" 3 329, 4 15 0, S_0x55fbf7025c60;
 .timescale -9 -12;
    .port_info 0 /INPUT 1 "clk_50Mhz"
    .port_info 1 /INPUT 1 "reset_"
    .port_info 2 /OUTPUT 1 "o_v_sync"
    .port_info 3 /OUTPUT 1 "o_h_sync"
    .port_info 4 /OUTPUT 1 "o_r"
    .port_info 5 /OUTPUT 1 "o_g"
    .port_info 6 /OUTPUT 1 "o_b"
    .port_info 7 /OUTPUT 1 "o_fetch_next_pixel"
    .port_info 8 /INPUT 1 "i_pixel_r"
    .port_info 9 /INPUT 1 "i_pixel_g"
    .port_info 10 /INPUT 1 "i_pixel_b"
    .port_info 11 /INPUT 1 "i_self_test"
L_0x55fbf70b1a10 .functor XOR 1, v0x55fbf709fee0_0, L_0x55fbf70b3d80, C4<0>, C4<0>;
L_0x55fbf70b1a80 .functor AND 1, v0x55fbf709fee0_0, L_0x55fbf70b1a10, C4<1>, C4<1>;
L_0x55fbf70b26e0 .functor NOT 1, L_0x55fbf70b1cc0, C4<0>, C4<0>, C4<0>;
L_0x55fbf70b27a0 .functor NOT 1, L_0x55fbf70b1fc0, C4<0>, C4<0>, C4<0>;
L_0x55fbf70b2890 .functor AND 1, L_0x55fbf70b26e0, L_0x55fbf70b27a0, C4<1>, C4<1>;
L_0x55fbf70b29a0 .functor NOT 1, L_0x55fbf70b2220, C4<0>, C4<0>, C4<0>;
L_0x55fbf70b2aa0 .functor AND 1, L_0x55fbf70b2890, L_0x55fbf70b29a0, C4<1>, C4<1>;
L_0x55fbf70b2bb0 .functor NOT 1, L_0x55fbf70b25a0, C4<0>, C4<0>, C4<0>;
L_0x55fbf70b2cc0 .functor AND 1, L_0x55fbf70b2aa0, L_0x55fbf70b2bb0, C4<1>, C4<1>;
L_0x55fbf70b2dd0 .functor AND 1, L_0x55fbf70b2cc0, L_0x55fbf70b3a30, C4<1>, C4<1>;
L_0x55fbf70b2ef0 .functor AND 1, L_0x55fbf70b2dd0, v0x55fbf709fee0_0, C4<1>, C4<1>;
L_0x55fbf70b2f60 .functor BUFZ 1, L_0x55fbf70b2ef0, C4<0>, C4<0>, C4<0>;
L_0x55fbf70b3360 .functor AND 1, v0x55fbf709e660_0, v0x55fbf709fca0_0, C4<1>, C4<1>;
L_0x55fbf70b33d0 .functor AND 1, v0x55fbf709e660_0, v0x55fbf709ec60_0, C4<1>, C4<1>;
L_0x55fbf70b3020 .functor AND 1, v0x55fbf709e660_0, v0x55fbf709e4e0_0, C4<1>, C4<1>;
L_0x55fbf70b3520 .functor BUFZ 1, v0x55fbf709eae0_0, C4<0>, C4<0>, C4<0>;
L_0x55fbf70b3620 .functor BUFZ 1, v0x55fbf709e960_0, C4<0>, C4<0>, C4<0>;
L_0x55fbf70b36e0 .functor BUFZ 1, v0x55fbf709e7e0_0, C4<0>, C4<0>, C4<0>;
L_0x55fbf70b3990 .functor BUFZ 1, v0x55fbf709ffa0_0, C4<0>, C4<0>, C4<0>;
L_0x55fbf70b3f60 .functor BUFZ 1, v0x55fbf709eea0_0, C4<0>, C4<0>, C4<0>;
v0x55fbf709c840_0 .net *"_s0", 0 0, L_0x55fbf70b1a10;  1 drivers
v0x55fbf709c940_0 .net *"_s12", 31 0, L_0x55fbf70b1e30;  1 drivers
L_0x7f057c48b138 .functor BUFT 1, C4<000000000000000000000>, C4<0>, C4<0>, C4<0>;
v0x55fbf709ca20_0 .net *"_s15", 20 0, L_0x7f057c48b138;  1 drivers
L_0x7f057c48b180 .functor BUFT 1, C4<00000000000000000000010111000000>, C4<0>, C4<0>, C4<0>;
v0x55fbf709cae0_0 .net/2u *"_s16", 31 0, L_0x7f057c48b180;  1 drivers
v0x55fbf709cbc0_0 .net *"_s20", 31 0, L_0x55fbf70b2130;  1 drivers
L_0x7f057c48b1c8 .functor BUFT 1, C4<000000000000>, C4<0>, C4<0>, C4<0>;
v0x55fbf709ccf0_0 .net *"_s23", 11 0, L_0x7f057c48b1c8;  1 drivers
L_0x7f057c48b210 .functor BUFT 1, C4<00000000000000001100111001000000>, C4<0>, C4<0>, C4<0>;
v0x55fbf709cdd0_0 .net/2u *"_s24", 31 0, L_0x7f057c48b210;  1 drivers
v0x55fbf709ceb0_0 .net *"_s28", 31 0, L_0x55fbf70b23d0;  1 drivers
L_0x7f057c48b258 .functor BUFT 1, C4<000000000000>, C4<0>, C4<0>, C4<0>;
v0x55fbf709cf90_0 .net *"_s31", 11 0, L_0x7f057c48b258;  1 drivers
L_0x7f057c48b2a0 .functor BUFT 1, C4<00000000000011001100010011000000>, C4<0>, C4<0>, C4<0>;
v0x55fbf709d100_0 .net/2u *"_s32", 31 0, L_0x7f057c48b2a0;  1 drivers
v0x55fbf709d1e0_0 .net *"_s36", 0 0, L_0x55fbf70b26e0;  1 drivers
v0x55fbf709d2c0_0 .net *"_s38", 0 0, L_0x55fbf70b27a0;  1 drivers
v0x55fbf709d3a0_0 .net *"_s4", 31 0, L_0x55fbf70b1b40;  1 drivers
v0x55fbf709d480_0 .net *"_s40", 0 0, L_0x55fbf70b2890;  1 drivers
v0x55fbf709d560_0 .net *"_s42", 0 0, L_0x55fbf70b29a0;  1 drivers
v0x55fbf709d640_0 .net *"_s44", 0 0, L_0x55fbf70b2aa0;  1 drivers
v0x55fbf709d720_0 .net *"_s46", 0 0, L_0x55fbf70b2bb0;  1 drivers
v0x55fbf709d800_0 .net *"_s48", 0 0, L_0x55fbf70b2cc0;  1 drivers
v0x55fbf709d8e0_0 .net *"_s50", 0 0, L_0x55fbf70b2dd0;  1 drivers
v0x55fbf709d9c0_0 .net *"_s57", 0 0, L_0x55fbf70b3090;  1 drivers
v0x55fbf709daa0_0 .net *"_s61", 0 0, L_0x55fbf70b3130;  1 drivers
v0x55fbf709db80_0 .net *"_s65", 0 0, L_0x55fbf70b32c0;  1 drivers
L_0x7f057c48b0a8 .functor BUFT 1, C4<000000000000000000000>, C4<0>, C4<0>, C4<0>;
v0x55fbf709dc60_0 .net *"_s7", 20 0, L_0x7f057c48b0a8;  1 drivers
L_0x7f057c48b0f0 .functor BUFT 1, C4<00000000000000000000000010100000>, C4<0>, C4<0>, C4<0>;
v0x55fbf709dd40_0 .net/2u *"_s8", 31 0, L_0x7f057c48b0f0;  1 drivers
L_0x7f057c48b2e8 .functor BUFT 1, C4<00011000000>, C4<0>, C4<0>, C4<0>;
v0x55fbf709de20_0 .net/2u *"_s80", 10 0, L_0x7f057c48b2e8;  1 drivers
v0x55fbf709df00_0 .net *"_s82", 0 0, L_0x55fbf70b3870;  1 drivers
L_0x7f057c48b330 .functor BUFT 1, C4<0>, C4<0>, C4<0>, C4<0>;
v0x55fbf709dfc0_0 .net/2u *"_s84", 0 0, L_0x7f057c48b330;  1 drivers
L_0x7f057c48b378 .functor BUFT 1, C4<1>, C4<0>, C4<0>, C4<0>;
v0x55fbf709e0a0_0 .net/2u *"_s86", 0 0, L_0x7f057c48b378;  1 drivers
L_0x7f057c48b3c0 .functor BUFT 1, C4<00000000110010000000>, C4<0>, C4<0>, C4<0>;
v0x55fbf709e180_0 .net/2u *"_s90", 19 0, L_0x7f057c48b3c0;  1 drivers
v0x55fbf709e260_0 .net *"_s92", 0 0, L_0x55fbf70b3c10;  1 drivers
L_0x7f057c48b408 .functor BUFT 1, C4<0>, C4<0>, C4<0>, C4<0>;
v0x55fbf709e320_0 .net/2u *"_s94", 0 0, L_0x7f057c48b408;  1 drivers
L_0x7f057c48b450 .functor BUFT 1, C4<1>, C4<0>, C4<0>, C4<0>;
v0x55fbf709e400_0 .net/2u *"_s96", 0 0, L_0x7f057c48b450;  1 drivers
v0x55fbf709e4e0_0 .var "b", 0 0;
v0x55fbf709e5a0_0 .net "clk_50Mhz", 0 0, L_0x55fbf706c320;  alias, 1 drivers
v0x55fbf709e660_0 .var "fetch_next_pixel_q", 0 0;
v0x55fbf709e720_0 .net "final_b", 0 0, L_0x55fbf70b3020;  1 drivers
v0x55fbf709e7e0_0 .var "final_b_q", 0 0;
v0x55fbf709e8a0_0 .net "final_g", 0 0, L_0x55fbf70b33d0;  1 drivers
v0x55fbf709e960_0 .var "final_g_q", 0 0;
v0x55fbf709ea20_0 .net "final_r", 0 0, L_0x55fbf70b3360;  1 drivers
v0x55fbf709eae0_0 .var "final_r_q", 0 0;
v0x55fbf709eba0_0 .net "frame_start", 0 0, L_0x55fbf70b1a80;  1 drivers
v0x55fbf709ec60_0 .var "g", 0 0;
v0x55fbf709ed20_0 .net "h_sync", 0 0, L_0x55fbf70b3a30;  1 drivers
v0x55fbf709ede0_0 .var "h_sync_q", 0 0;
v0x55fbf709eea0_0 .var "h_sync_qq", 0 0;
v0x55fbf709ef60_0 .var "h_sync_tick_counter", 10 0;
v0x55fbf709f040_0 .var "h_sync_tick_counter_next", 10 0;
v0x55fbf709f120_0 .net "horizontal_back_porch", 0 0, L_0x55fbf70b1cc0;  1 drivers
v0x55fbf709f1e0_0 .net "horizontal_front_porch", 0 0, L_0x55fbf70b1fc0;  1 drivers
v0x55fbf709f2a0_0 .net "i_pixel_b", 0 0, L_0x55fbf70b1890;  alias, 1 drivers
v0x55fbf709f360_0 .net "i_pixel_g", 0 0, L_0x55fbf70b17a0;  alias, 1 drivers
v0x55fbf709f420_0 .net "i_pixel_r", 0 0, L_0x55fbf70b1660;  alias, 1 drivers
L_0x7f057c48b498 .functor BUFT 1, C4<0>, C4<0>, C4<0>, C4<0>;
v0x55fbf709f4e0_0 .net "i_self_test", 0 0, L_0x7f057c48b498;  1 drivers
v0x55fbf709f5a0_0 .net "o_b", 0 0, L_0x55fbf70b36e0;  alias, 1 drivers
v0x55fbf709f660_0 .net "o_fetch_next_pixel", 0 0, L_0x55fbf70b2f60;  alias, 1 drivers
v0x55fbf709f700_0 .net "o_g", 0 0, L_0x55fbf70b3620;  alias, 1 drivers
v0x55fbf709f7a0_0 .net "o_h_sync", 0 0, L_0x55fbf70b3f60;  alias, 1 drivers
v0x55fbf709f860_0 .net "o_r", 0 0, L_0x55fbf70b3520;  alias, 1 drivers
v0x55fbf709f920_0 .net "o_v_sync", 0 0, L_0x55fbf70b3990;  alias, 1 drivers
v0x55fbf709f9c0_0 .net "pixel_b", 0 0, v0x55fbf709e4e0_0;  1 drivers
v0x55fbf709fa60_0 .net "pixel_en", 0 0, L_0x55fbf70b2ef0;  1 drivers
v0x55fbf709fb20_0 .net "pixel_g", 0 0, v0x55fbf709ec60_0;  1 drivers
v0x55fbf709fbe0_0 .net "pixel_r", 0 0, v0x55fbf709fca0_0;  1 drivers
v0x55fbf709fca0_0 .var "r", 0 0;
v0x55fbf709fd60_0 .net "reset_", 0 0, v0x55fbf70a0f10_0;  1 drivers
v0x55fbf709fe20_0 .net "v_sync", 0 0, L_0x55fbf70b3d80;  1 drivers
v0x55fbf709fee0_0 .var "v_sync_q", 0 0;
v0x55fbf709ffa0_0 .var "v_sync_qq", 0 0;
v0x55fbf70a0060_0 .var "v_sync_tick_counter", 19 0;
v0x55fbf70a0140_0 .var "v_sync_tick_counter_next", 19 0;
v0x55fbf70a0220_0 .net "vertical_back_porch", 0 0, L_0x55fbf70b2220;  1 drivers
v0x55fbf70a02e0_0 .net "vertical_front_porch", 0 0, L_0x55fbf70b25a0;  1 drivers
E_0x55fbf707ff60 .event posedge, v0x55fbf709e5a0_0;
E_0x55fbf709c780 .event edge, v0x55fbf709ef60_0;
E_0x55fbf709c7e0 .event edge, v0x55fbf70a0060_0;
L_0x55fbf70b1b40 .concat [ 11 21 0 0], v0x55fbf709ef60_0, L_0x7f057c48b0a8;
L_0x55fbf70b1cc0 .cmp/ge 32, L_0x7f057c48b0f0, L_0x55fbf70b1b40;
L_0x55fbf70b1e30 .concat [ 11 21 0 0], v0x55fbf709ef60_0, L_0x7f057c48b138;
L_0x55fbf70b1fc0 .cmp/gt 32, L_0x55fbf70b1e30, L_0x7f057c48b180;
L_0x55fbf70b2130 .concat [ 20 12 0 0], v0x55fbf70a0060_0, L_0x7f057c48b1c8;
L_0x55fbf70b2220 .cmp/ge 32, L_0x7f057c48b210, L_0x55fbf70b2130;
L_0x55fbf70b23d0 .concat [ 20 12 0 0], v0x55fbf70a0060_0, L_0x7f057c48b258;
L_0x55fbf70b25a0 .cmp/gt 32, L_0x55fbf70b23d0, L_0x7f057c48b2a0;
L_0x55fbf70b3090 .part v0x55fbf70a0060_0, 4, 1;
L_0x55fbf70b3130 .part v0x55fbf70a0060_0, 5, 1;
L_0x55fbf70b32c0 .part v0x55fbf70a0060_0, 6, 1;
L_0x55fbf70b3870 .cmp/gt 11, L_0x7f057c48b2e8, v0x55fbf709ef60_0;
L_0x55fbf70b3a30 .functor MUXZ 1, L_0x7f057c48b378, L_0x7f057c48b330, L_0x55fbf70b3870, C4<>;
L_0x55fbf70b3c10 .cmp/gt 20, L_0x7f057c48b3c0, v0x55fbf70a0060_0;
L_0x55fbf70b3d80 .functor MUXZ 1, L_0x7f057c48b450, L_0x7f057c48b408, L_0x55fbf70b3c10, C4<>;
    .scope S_0x55fbf6ff7b60;
T_0 ;
    %wait E_0x55fbf707ff20;
    %load/vec4 v0x55fbf709c540_0;
    %nor/r;
    %flag_set/vec4 8;
    %jmp/0xz  T_0.0, 8;
    %pushi/vec4 0, 0, 9;
    %assign/vec4 v0x55fbf7073dc0_0, 0;
    %pushi/vec4 0, 0, 10;
    %assign/vec4 v0x55fbf709c460_0, 0;
    %jmp T_0.1;
T_0.0 ;
    %load/vec4 v0x55fbf7074740_0;
    %flag_set/vec4 8;
    %jmp/0xz  T_0.2, 8;
    %load/vec4 v0x55fbf709c460_0;
    %addi 1, 0, 10;
    %assign/vec4 v0x55fbf709c460_0, 0;
    %load/vec4 v0x55fbf709c600_0;
    %flag_set/vec4 8;
    %jmp/0xz  T_0.4, 8;
    %pushi/vec4 0, 0, 10;
    %assign/vec4 v0x55fbf709c460_0, 0;
    %load/vec4 v0x55fbf7073dc0_0;
    %addi 1, 0, 9;
    %assign/vec4 v0x55fbf7073dc0_0, 0;
T_0.4 ;
    %load/vec4 v0x55fbf7075120_0;
    %flag_set/vec4 8;
    %jmp/0xz  T_0.6, 8;
    %pushi/vec4 0, 0, 9;
    %assign/vec4 v0x55fbf7073dc0_0, 0;
    %pushi/vec4 0, 0, 10;
    %assign/vec4 v0x55fbf709c460_0, 0;
T_0.6 ;
T_0.2 ;
T_0.1 ;
    %jmp T_0;
    .thread T_0;
    .scope S_0x55fbf6ff7b60;
T_1 ;
    %wait E_0x55fbf7059440;
    %load/vec4 v0x55fbf7073dc0_0;
    %load/vec4 v0x55fbf709c460_0;
    %concat/vec4; draw_concat_vec4
    %dup/vec4;
    %pushi/vec4 92170, 0, 19;
    %cmp/u;
    %jmp/1 T_1.0, 6;
    %dup/vec4;
    %pushi/vec4 92171, 0, 19;
    %cmp/u;
    %jmp/1 T_1.1, 6;
    %dup/vec4;
    %pushi/vec4 92172, 0, 19;
    %cmp/u;
    %jmp/1 T_1.2, 6;
    %dup/vec4;
    %pushi/vec4 92173, 0, 19;
    %cmp/u;
    %jmp/1 T_1.3, 6;
    %dup/vec4;
    %pushi/vec4 92174, 0, 19;
    %cmp/u;
    %jmp/1 T_1.4, 6;
    %dup/vec4;
    %pushi/vec4 92175, 0, 19;
    %cmp/u;
    %jmp/1 T_1.5, 6;
    %dup/vec4;
    %pushi/vec4 92176, 0, 19;
    %cmp/u;
    %jmp/1 T_1.6, 6;
    %dup/vec4;
    %pushi/vec4 92177, 0, 19;
    %cmp/u;
    %jmp/1 T_1.7, 6;
    %dup/vec4;
    %pushi/vec4 92178, 0, 19;
    %cmp/u;
    %jmp/1 T_1.8, 6;
    %dup/vec4;
    %pushi/vec4 92179, 0, 19;
    %cmp/u;
    %jmp/1 T_1.9, 6;
    %dup/vec4;
    %pushi/vec4 92180, 0, 19;
    %cmp/u;
    %jmp/1 T_1.10, 6;
    %dup/vec4;
    %pushi/vec4 92181, 0, 19;
    %cmp/u;
    %jmp/1 T_1.11, 6;
    %dup/vec4;
    %pushi/vec4 92182, 0, 19;
    %cmp/u;
    %jmp/1 T_1.12, 6;
    %dup/vec4;
    %pushi/vec4 92183, 0, 19;
    %cmp/u;
    %jmp/1 T_1.13, 6;
    %dup/vec4;
    %pushi/vec4 92184, 0, 19;
    %cmp/u;
    %jmp/1 T_1.14, 6;
    %dup/vec4;
    %pushi/vec4 92185, 0, 19;
    %cmp/u;
    %jmp/1 T_1.15, 6;
    %dup/vec4;
    %pushi/vec4 92186, 0, 19;
    %cmp/u;
    %jmp/1 T_1.16, 6;
    %dup/vec4;
    %pushi/vec4 92187, 0, 19;
    %cmp/u;
    %jmp/1 T_1.17, 6;
    %dup/vec4;
    %pushi/vec4 92188, 0, 19;
    %cmp/u;
    %jmp/1 T_1.18, 6;
    %dup/vec4;
    %pushi/vec4 92189, 0, 19;
    %cmp/u;
    %jmp/1 T_1.19, 6;
    %dup/vec4;
    %pushi/vec4 92190, 0, 19;
    %cmp/u;
    %jmp/1 T_1.20, 6;
    %dup/vec4;
    %pushi/vec4 92191, 0, 19;
    %cmp/u;
    %jmp/1 T_1.21, 6;
    %dup/vec4;
    %pushi/vec4 92192, 0, 19;
    %cmp/u;
    %jmp/1 T_1.22, 6;
    %dup/vec4;
    %pushi/vec4 92193, 0, 19;
    %cmp/u;
    %jmp/1 T_1.23, 6;
    %dup/vec4;
    %pushi/vec4 92194, 0, 19;
    %cmp/u;
    %jmp/1 T_1.24, 6;
    %dup/vec4;
    %pushi/vec4 92195, 0, 19;
    %cmp/u;
    %jmp/1 T_1.25, 6;
    %dup/vec4;
    %pushi/vec4 92196, 0, 19;
    %cmp/u;
    %jmp/1 T_1.26, 6;
    %dup/vec4;
    %pushi/vec4 92197, 0, 19;
    %cmp/u;
    %jmp/1 T_1.27, 6;
    %dup/vec4;
    %pushi/vec4 92198, 0, 19;
    %cmp/u;
    %jmp/1 T_1.28, 6;
    %dup/vec4;
    %pushi/vec4 92199, 0, 19;
    %cmp/u;
    %jmp/1 T_1.29, 6;
    %dup/vec4;
    %pushi/vec4 92200, 0, 19;
    %cmp/u;
    %jmp/1 T_1.30, 6;
    %dup/vec4;
    %pushi/vec4 92201, 0, 19;
    %cmp/u;
    %jmp/1 T_1.31, 6;
    %dup/vec4;
    %pushi/vec4 92202, 0, 19;
    %cmp/u;
    %jmp/1 T_1.32, 6;
    %dup/vec4;
    %pushi/vec4 92203, 0, 19;
    %cmp/u;
    %jmp/1 T_1.33, 6;
    %dup/vec4;
    %pushi/vec4 92204, 0, 19;
    %cmp/u;
    %jmp/1 T_1.34, 6;
    %dup/vec4;
    %pushi/vec4 92205, 0, 19;
    %cmp/u;
    %jmp/1 T_1.35, 6;
    %dup/vec4;
    %pushi/vec4 92206, 0, 19;
    %cmp/u;
    %jmp/1 T_1.36, 6;
    %dup/vec4;
    %pushi/vec4 92207, 0, 19;
    %cmp/u;
    %jmp/1 T_1.37, 6;
    %dup/vec4;
    %pushi/vec4 92208, 0, 19;
    %cmp/u;
    %jmp/1 T_1.38, 6;
    %dup/vec4;
    %pushi/vec4 92209, 0, 19;
    %cmp/u;
    %jmp/1 T_1.39, 6;
    %dup/vec4;
    %pushi/vec4 92210, 0, 19;
    %cmp/u;
    %jmp/1 T_1.40, 6;
    %dup/vec4;
    %pushi/vec4 92211, 0, 19;
    %cmp/u;
    %jmp/1 T_1.41, 6;
    %dup/vec4;
    %pushi/vec4 92212, 0, 19;
    %cmp/u;
    %jmp/1 T_1.42, 6;
    %dup/vec4;
    %pushi/vec4 92213, 0, 19;
    %cmp/u;
    %jmp/1 T_1.43, 6;
    %dup/vec4;
    %pushi/vec4 92214, 0, 19;
    %cmp/u;
    %jmp/1 T_1.44, 6;
    %dup/vec4;
    %pushi/vec4 92215, 0, 19;
    %cmp/u;
    %jmp/1 T_1.45, 6;
    %dup/vec4;
    %pushi/vec4 92216, 0, 19;
    %cmp/u;
    %jmp/1 T_1.46, 6;
    %dup/vec4;
    %pushi/vec4 92217, 0, 19;
    %cmp/u;
    %jmp/1 T_1.47, 6;
    %dup/vec4;
    %pushi/vec4 92218, 0, 19;
    %cmp/u;
    %jmp/1 T_1.48, 6;
    %dup/vec4;
    %pushi/vec4 92219, 0, 19;
    %cmp/u;
    %jmp/1 T_1.49, 6;
    %dup/vec4;
    %pushi/vec4 93194, 0, 19;
    %cmp/u;
    %jmp/1 T_1.50, 6;
    %dup/vec4;
    %pushi/vec4 93195, 0, 19;
    %cmp/u;
    %jmp/1 T_1.51, 6;
    %dup/vec4;
    %pushi/vec4 93196, 0, 19;
    %cmp/u;
    %jmp/1 T_1.52, 6;
    %dup/vec4;
    %pushi/vec4 93197, 0, 19;
    %cmp/u;
    %jmp/1 T_1.53, 6;
    %dup/vec4;
    %pushi/vec4 93198, 0, 19;
    %cmp/u;
    %jmp/1 T_1.54, 6;
    %dup/vec4;
    %pushi/vec4 93199, 0, 19;
    %cmp/u;
    %jmp/1 T_1.55, 6;
    %dup/vec4;
    %pushi/vec4 93200, 0, 19;
    %cmp/u;
    %jmp/1 T_1.56, 6;
    %dup/vec4;
    %pushi/vec4 93201, 0, 19;
    %cmp/u;
    %jmp/1 T_1.57, 6;
    %dup/vec4;
    %pushi/vec4 93202, 0, 19;
    %cmp/u;
    %jmp/1 T_1.58, 6;
    %dup/vec4;
    %pushi/vec4 93203, 0, 19;
    %cmp/u;
    %jmp/1 T_1.59, 6;
    %dup/vec4;
    %pushi/vec4 93204, 0, 19;
    %cmp/u;
    %jmp/1 T_1.60, 6;
    %dup/vec4;
    %pushi/vec4 93205, 0, 19;
    %cmp/u;
    %jmp/1 T_1.61, 6;
    %dup/vec4;
    %pushi/vec4 93206, 0, 19;
    %cmp/u;
    %jmp/1 T_1.62, 6;
    %dup/vec4;
    %pushi/vec4 93207, 0, 19;
    %cmp/u;
    %jmp/1 T_1.63, 6;
    %dup/vec4;
    %pushi/vec4 93208, 0, 19;
    %cmp/u;
    %jmp/1 T_1.64, 6;
    %dup/vec4;
    %pushi/vec4 93209, 0, 19;
    %cmp/u;
    %jmp/1 T_1.65, 6;
    %dup/vec4;
    %pushi/vec4 93210, 0, 19;
    %cmp/u;
    %jmp/1 T_1.66, 6;
    %dup/vec4;
    %pushi/vec4 93211, 0, 19;
    %cmp/u;
    %jmp/1 T_1.67, 6;
    %dup/vec4;
    %pushi/vec4 93212, 0, 19;
    %cmp/u;
    %jmp/1 T_1.68, 6;
    %dup/vec4;
    %pushi/vec4 93213, 0, 19;
    %cmp/u;
    %jmp/1 T_1.69, 6;
    %dup/vec4;
    %pushi/vec4 93214, 0, 19;
    %cmp/u;
    %jmp/1 T_1.70, 6;
    %dup/vec4;
    %pushi/vec4 93215, 0, 19;
    %cmp/u;
    %jmp/1 T_1.71, 6;
    %dup/vec4;
    %pushi/vec4 93216, 0, 19;
    %cmp/u;
    %jmp/1 T_1.72, 6;
    %dup/vec4;
    %pushi/vec4 93217, 0, 19;
    %cmp/u;
    %jmp/1 T_1.73, 6;
    %dup/vec4;
    %pushi/vec4 93218, 0, 19;
    %cmp/u;
    %jmp/1 T_1.74, 6;
    %dup/vec4;
    %pushi/vec4 93219, 0, 19;
    %cmp/u;
    %jmp/1 T_1.75, 6;
    %dup/vec4;
    %pushi/vec4 93220, 0, 19;
    %cmp/u;
    %jmp/1 T_1.76, 6;
    %dup/vec4;
    %pushi/vec4 93221, 0, 19;
    %cmp/u;
    %jmp/1 T_1.77, 6;
    %dup/vec4;
    %pushi/vec4 93222, 0, 19;
    %cmp/u;
    %jmp/1 T_1.78, 6;
    %dup/vec4;
    %pushi/vec4 93223, 0, 19;
    %cmp/u;
    %jmp/1 T_1.79, 6;
    %dup/vec4;
    %pushi/vec4 93224, 0, 19;
    %cmp/u;
    %jmp/1 T_1.80, 6;
    %dup/vec4;
    %pushi/vec4 93225, 0, 19;
    %cmp/u;
    %jmp/1 T_1.81, 6;
    %dup/vec4;
    %pushi/vec4 93226, 0, 19;
    %cmp/u;
    %jmp/1 T_1.82, 6;
    %dup/vec4;
    %pushi/vec4 93227, 0, 19;
    %cmp/u;
    %jmp/1 T_1.83, 6;
    %dup/vec4;
    %pushi/vec4 93228, 0, 19;
    %cmp/u;
    %jmp/1 T_1.84, 6;
    %dup/vec4;
    %pushi/vec4 93229, 0, 19;
    %cmp/u;
    %jmp/1 T_1.85, 6;
    %dup/vec4;
    %pushi/vec4 93230, 0, 19;
    %cmp/u;
    %jmp/1 T_1.86, 6;
    %dup/vec4;
    %pushi/vec4 93231, 0, 19;
    %cmp/u;
    %jmp/1 T_1.87, 6;
    %dup/vec4;
    %pushi/vec4 93232, 0, 19;
    %cmp/u;
    %jmp/1 T_1.88, 6;
    %dup/vec4;
    %pushi/vec4 93233, 0, 19;
    %cmp/u;
    %jmp/1 T_1.89, 6;
    %dup/vec4;
    %pushi/vec4 93234, 0, 19;
    %cmp/u;
    %jmp/1 T_1.90, 6;
    %dup/vec4;
    %pushi/vec4 93235, 0, 19;
    %cmp/u;
    %jmp/1 T_1.91, 6;
    %dup/vec4;
    %pushi/vec4 93236, 0, 19;
    %cmp/u;
    %jmp/1 T_1.92, 6;
    %dup/vec4;
    %pushi/vec4 93237, 0, 19;
    %cmp/u;
    %jmp/1 T_1.93, 6;
    %dup/vec4;
    %pushi/vec4 93238, 0, 19;
    %cmp/u;
    %jmp/1 T_1.94, 6;
    %dup/vec4;
    %pushi/vec4 93239, 0, 19;
    %cmp/u;
    %jmp/1 T_1.95, 6;
    %dup/vec4;
    %pushi/vec4 93240, 0, 19;
    %cmp/u;
    %jmp/1 T_1.96, 6;
    %dup/vec4;
    %pushi/vec4 93241, 0, 19;
    %cmp/u;
    %jmp/1 T_1.97, 6;
    %dup/vec4;
    %pushi/vec4 93242, 0, 19;
    %cmp/u;
    %jmp/1 T_1.98, 6;
    %dup/vec4;
    %pushi/vec4 93243, 0, 19;
    %cmp/u;
    %jmp/1 T_1.99, 6;
    %dup/vec4;
    %pushi/vec4 94218, 0, 19;
    %cmp/u;
    %jmp/1 T_1.100, 6;
    %dup/vec4;
    %pushi/vec4 94219, 0, 19;
    %cmp/u;
    %jmp/1 T_1.101, 6;
    %dup/vec4;
    %pushi/vec4 94220, 0, 19;
    %cmp/u;
    %jmp/1 T_1.102, 6;
    %dup/vec4;
    %pushi/vec4 94221, 0, 19;
    %cmp/u;
    %jmp/1 T_1.103, 6;
    %dup/vec4;
    %pushi/vec4 94222, 0, 19;
    %cmp/u;
    %jmp/1 T_1.104, 6;
    %dup/vec4;
    %pushi/vec4 94223, 0, 19;
    %cmp/u;
    %jmp/1 T_1.105, 6;
    %dup/vec4;
    %pushi/vec4 94224, 0, 19;
    %cmp/u;
    %jmp/1 T_1.106, 6;
    %dup/vec4;
    %pushi/vec4 94225, 0, 19;
    %cmp/u;
    %jmp/1 T_1.107, 6;
    %dup/vec4;
    %pushi/vec4 94226, 0, 19;
    %cmp/u;
    %jmp/1 T_1.108, 6;
    %dup/vec4;
    %pushi/vec4 94227, 0, 19;
    %cmp/u;
    %jmp/1 T_1.109, 6;
    %dup/vec4;
    %pushi/vec4 94228, 0, 19;
    %cmp/u;
    %jmp/1 T_1.110, 6;
    %dup/vec4;
    %pushi/vec4 94229, 0, 19;
    %cmp/u;
    %jmp/1 T_1.111, 6;
    %dup/vec4;
    %pushi/vec4 94230, 0, 19;
    %cmp/u;
    %jmp/1 T_1.112, 6;
    %dup/vec4;
    %pushi/vec4 94231, 0, 19;
    %cmp/u;
    %jmp/1 T_1.113, 6;
    %dup/vec4;
    %pushi/vec4 94232, 0, 19;
    %cmp/u;
    %jmp/1 T_1.114, 6;
    %dup/vec4;
    %pushi/vec4 94233, 0, 19;
    %cmp/u;
    %jmp/1 T_1.115, 6;
    %dup/vec4;
    %pushi/vec4 94234, 0, 19;
    %cmp/u;
    %jmp/1 T_1.116, 6;
    %dup/vec4;
    %pushi/vec4 94235, 0, 19;
    %cmp/u;
    %jmp/1 T_1.117, 6;
    %dup/vec4;
    %pushi/vec4 94236, 0, 19;
    %cmp/u;
    %jmp/1 T_1.118, 6;
    %dup/vec4;
    %pushi/vec4 94237, 0, 19;
    %cmp/u;
    %jmp/1 T_1.119, 6;
    %dup/vec4;
    %pushi/vec4 94238, 0, 19;
    %cmp/u;
    %jmp/1 T_1.120, 6;
    %dup/vec4;
    %pushi/vec4 94239, 0, 19;
    %cmp/u;
    %jmp/1 T_1.121, 6;
    %dup/vec4;
    %pushi/vec4 94240, 0, 19;
    %cmp/u;
    %jmp/1 T_1.122, 6;
    %dup/vec4;
    %pushi/vec4 94241, 0, 19;
    %cmp/u;
    %jmp/1 T_1.123, 6;
    %dup/vec4;
    %pushi/vec4 94242, 0, 19;
    %cmp/u;
    %jmp/1 T_1.124, 6;
    %dup/vec4;
    %pushi/vec4 94243, 0, 19;
    %cmp/u;
    %jmp/1 T_1.125, 6;
    %dup/vec4;
    %pushi/vec4 94244, 0, 19;
    %cmp/u;
    %jmp/1 T_1.126, 6;
    %dup/vec4;
    %pushi/vec4 94245, 0, 19;
    %cmp/u;
    %jmp/1 T_1.127, 6;
    %dup/vec4;
    %pushi/vec4 94246, 0, 19;
    %cmp/u;
    %jmp/1 T_1.128, 6;
    %dup/vec4;
    %pushi/vec4 94247, 0, 19;
    %cmp/u;
    %jmp/1 T_1.129, 6;
    %dup/vec4;
    %pushi/vec4 94248, 0, 19;
    %cmp/u;
    %jmp/1 T_1.130, 6;
    %dup/vec4;
    %pushi/vec4 94249, 0, 19;
    %cmp/u;
    %jmp/1 T_1.131, 6;
    %dup/vec4;
    %pushi/vec4 94250, 0, 19;
    %cmp/u;
    %jmp/1 T_1.132, 6;
    %dup/vec4;
    %pushi/vec4 94251, 0, 19;
    %cmp/u;
    %jmp/1 T_1.133, 6;
    %dup/vec4;
    %pushi/vec4 94252, 0, 19;
    %cmp/u;
    %jmp/1 T_1.134, 6;
    %dup/vec4;
    %pushi/vec4 94253, 0, 19;
    %cmp/u;
    %jmp/1 T_1.135, 6;
    %dup/vec4;
    %pushi/vec4 94254, 0, 19;
    %cmp/u;
    %jmp/1 T_1.136, 6;
    %dup/vec4;
    %pushi/vec4 94255, 0, 19;
    %cmp/u;
    %jmp/1 T_1.137, 6;
    %dup/vec4;
    %pushi/vec4 94256, 0, 19;
    %cmp/u;
    %jmp/1 T_1.138, 6;
    %dup/vec4;
    %pushi/vec4 94257, 0, 19;
    %cmp/u;
    %jmp/1 T_1.139, 6;
    %dup/vec4;
    %pushi/vec4 94258, 0, 19;
    %cmp/u;
    %jmp/1 T_1.140, 6;
    %dup/vec4;
    %pushi/vec4 94259, 0, 19;
    %cmp/u;
    %jmp/1 T_1.141, 6;
    %dup/vec4;
    %pushi/vec4 94260, 0, 19;
    %cmp/u;
    %jmp/1 T_1.142, 6;
    %dup/vec4;
    %pushi/vec4 94261, 0, 19;
    %cmp/u;
    %jmp/1 T_1.143, 6;
    %dup/vec4;
    %pushi/vec4 94262, 0, 19;
    %cmp/u;
    %jmp/1 T_1.144, 6;
    %dup/vec4;
    %pushi/vec4 94263, 0, 19;
    %cmp/u;
    %jmp/1 T_1.145, 6;
    %dup/vec4;
    %pushi/vec4 94264, 0, 19;
    %cmp/u;
    %jmp/1 T_1.146, 6;
    %dup/vec4;
    %pushi/vec4 94265, 0, 19;
    %cmp/u;
    %jmp/1 T_1.147, 6;
    %dup/vec4;
    %pushi/vec4 94266, 0, 19;
    %cmp/u;
    %jmp/1 T_1.148, 6;
    %dup/vec4;
    %pushi/vec4 94267, 0, 19;
    %cmp/u;
    %jmp/1 T_1.149, 6;
    %dup/vec4;
    %pushi/vec4 95242, 0, 19;
    %cmp/u;
    %jmp/1 T_1.150, 6;
    %dup/vec4;
    %pushi/vec4 95243, 0, 19;
    %cmp/u;
    %jmp/1 T_1.151, 6;
    %dup/vec4;
    %pushi/vec4 95244, 0, 19;
    %cmp/u;
    %jmp/1 T_1.152, 6;
    %dup/vec4;
    %pushi/vec4 95245, 0, 19;
    %cmp/u;
    %jmp/1 T_1.153, 6;
    %dup/vec4;
    %pushi/vec4 95246, 0, 19;
    %cmp/u;
    %jmp/1 T_1.154, 6;
    %dup/vec4;
    %pushi/vec4 95247, 0, 19;
    %cmp/u;
    %jmp/1 T_1.155, 6;
    %dup/vec4;
    %pushi/vec4 95248, 0, 19;
    %cmp/u;
    %jmp/1 T_1.156, 6;
    %dup/vec4;
    %pushi/vec4 95249, 0, 19;
    %cmp/u;
    %jmp/1 T_1.157, 6;
    %dup/vec4;
    %pushi/vec4 95250, 0, 19;
    %cmp/u;
    %jmp/1 T_1.158, 6;
    %dup/vec4;
    %pushi/vec4 95251, 0, 19;
    %cmp/u;
    %jmp/1 T_1.159, 6;
    %dup/vec4;
    %pushi/vec4 95252, 0, 19;
    %cmp/u;
    %jmp/1 T_1.160, 6;
    %dup/vec4;
    %pushi/vec4 95253, 0, 19;
    %cmp/u;
    %jmp/1 T_1.161, 6;
    %dup/vec4;
    %pushi/vec4 95254, 0, 19;
    %cmp/u;
    %jmp/1 T_1.162, 6;
    %dup/vec4;
    %pushi/vec4 95255, 0, 19;
    %cmp/u;
    %jmp/1 T_1.163, 6;
    %dup/vec4;
    %pushi/vec4 95256, 0, 19;
    %cmp/u;
    %jmp/1 T_1.164, 6;
    %dup/vec4;
    %pushi/vec4 95257, 0, 19;
    %cmp/u;
    %jmp/1 T_1.165, 6;
    %dup/vec4;
    %pushi/vec4 95258, 0, 19;
    %cmp/u;
    %jmp/1 T_1.166, 6;
    %dup/vec4;
    %pushi/vec4 95259, 0, 19;
    %cmp/u;
    %jmp/1 T_1.167, 6;
    %dup/vec4;
    %pushi/vec4 95260, 0, 19;
    %cmp/u;
    %jmp/1 T_1.168, 6;
    %dup/vec4;
    %pushi/vec4 95261, 0, 19;
    %cmp/u;
    %jmp/1 T_1.169, 6;
    %dup/vec4;
    %pushi/vec4 95262, 0, 19;
    %cmp/u;
    %jmp/1 T_1.170, 6;
    %dup/vec4;
    %pushi/vec4 95263, 0, 19;
    %cmp/u;
    %jmp/1 T_1.171, 6;
    %dup/vec4;
    %pushi/vec4 95264, 0, 19;
    %cmp/u;
    %jmp/1 T_1.172, 6;
    %dup/vec4;
    %pushi/vec4 95265, 0, 19;
    %cmp/u;
    %jmp/1 T_1.173, 6;
    %dup/vec4;
    %pushi/vec4 95266, 0, 19;
    %cmp/u;
    %jmp/1 T_1.174, 6;
    %dup/vec4;
    %pushi/vec4 95267, 0, 19;
    %cmp/u;
    %jmp/1 T_1.175, 6;
    %dup/vec4;
    %pushi/vec4 95268, 0, 19;
    %cmp/u;
    %jmp/1 T_1.176, 6;
    %dup/vec4;
    %pushi/vec4 95269, 0, 19;
    %cmp/u;
    %jmp/1 T_1.177, 6;
    %dup/vec4;
    %pushi/vec4 95270, 0, 19;
    %cmp/u;
    %jmp/1 T_1.178, 6;
    %dup/vec4;
    %pushi/vec4 95271, 0, 19;
    %cmp/u;
    %jmp/1 T_1.179, 6;
    %dup/vec4;
    %pushi/vec4 95272, 0, 19;
    %cmp/u;
    %jmp/1 T_1.180, 6;
    %dup/vec4;
    %pushi/vec4 95273, 0, 19;
    %cmp/u;
    %jmp/1 T_1.181, 6;
    %dup/vec4;
    %pushi/vec4 95274, 0, 19;
    %cmp/u;
    %jmp/1 T_1.182, 6;
    %dup/vec4;
    %pushi/vec4 95275, 0, 19;
    %cmp/u;
    %jmp/1 T_1.183, 6;
    %dup/vec4;
    %pushi/vec4 95276, 0, 19;
    %cmp/u;
    %jmp/1 T_1.184, 6;
    %dup/vec4;
    %pushi/vec4 95277, 0, 19;
    %cmp/u;
    %jmp/1 T_1.185, 6;
    %dup/vec4;
    %pushi/vec4 95278, 0, 19;
    %cmp/u;
    %jmp/1 T_1.186, 6;
    %dup/vec4;
    %pushi/vec4 95279, 0, 19;
    %cmp/u;
    %jmp/1 T_1.187, 6;
    %dup/vec4;
    %pushi/vec4 95280, 0, 19;
    %cmp/u;
    %jmp/1 T_1.188, 6;
    %dup/vec4;
    %pushi/vec4 95281, 0, 19;
    %cmp/u;
    %jmp/1 T_1.189, 6;
    %dup/vec4;
    %pushi/vec4 95282, 0, 19;
    %cmp/u;
    %jmp/1 T_1.190, 6;
    %dup/vec4;
    %pushi/vec4 95283, 0, 19;
    %cmp/u;
    %jmp/1 T_1.191, 6;
    %dup/vec4;
    %pushi/vec4 95284, 0, 19;
    %cmp/u;
    %jmp/1 T_1.192, 6;
    %dup/vec4;
    %pushi/vec4 95285, 0, 19;
    %cmp/u;
    %jmp/1 T_1.193, 6;
    %dup/vec4;
    %pushi/vec4 95286, 0, 19;
    %cmp/u;
    %jmp/1 T_1.194, 6;
    %dup/vec4;
    %pushi/vec4 95287, 0, 19;
    %cmp/u;
    %jmp/1 T_1.195, 6;
    %dup/vec4;
    %pushi/vec4 95288, 0, 19;
    %cmp/u;
    %jmp/1 T_1.196, 6;
    %dup/vec4;
    %pushi/vec4 95289, 0, 19;
    %cmp/u;
    %jmp/1 T_1.197, 6;
    %dup/vec4;
    %pushi/vec4 95290, 0, 19;
    %cmp/u;
    %jmp/1 T_1.198, 6;
    %dup/vec4;
    %pushi/vec4 95291, 0, 19;
    %cmp/u;
    %jmp/1 T_1.199, 6;
    %pushi/vec4 5, 0, 3;
    %store/vec4 v0x55fbf709c380_0, 0, 3;
    %jmp T_1.201;
T_1.0 ;
    %pushi/vec4 7, 0, 3;
    %store/vec4 v0x55fbf709c380_0, 0, 3;
    %jmp T_1.201;
T_1.1 ;
    %pushi/vec4 7, 0, 3;
    %store/vec4 v0x55fbf709c380_0, 0, 3;
    %jmp T_1.201;
T_1.2 ;
    %pushi/vec4 7, 0, 3;
    %store/vec4 v0x55fbf709c380_0, 0, 3;
    %jmp T_1.201;
T_1.3 ;
    %pushi/vec4 7, 0, 3;
    %store/vec4 v0x55fbf709c380_0, 0, 3;
    %jmp T_1.201;
T_1.4 ;
    %pushi/vec4 7, 0, 3;
    %store/vec4 v0x55fbf709c380_0, 0, 3;
    %jmp T_1.201;
T_1.5 ;
    %pushi/vec4 7, 0, 3;
    %store/vec4 v0x55fbf709c380_0, 0, 3;
    %jmp T_1.201;
T_1.6 ;
    %pushi/vec4 7, 0, 3;
    %store/vec4 v0x55fbf709c380_0, 0, 3;
    %jmp T_1.201;
T_1.7 ;
    %pushi/vec4 7, 0, 3;
    %store/vec4 v0x55fbf709c380_0, 0, 3;
    %jmp T_1.201;
T_1.8 ;
    %pushi/vec4 7, 0, 3;
    %store/vec4 v0x55fbf709c380_0, 0, 3;
    %jmp T_1.201;
T_1.9 ;
    %pushi/vec4 7, 0, 3;
    %store/vec4 v0x55fbf709c380_0, 0, 3;
    %jmp T_1.201;
T_1.10 ;
    %pushi/vec4 7, 0, 3;
    %store/vec4 v0x55fbf709c380_0, 0, 3;
    %jmp T_1.201;
T_1.11 ;
    %pushi/vec4 7, 0, 3;
    %store/vec4 v0x55fbf709c380_0, 0, 3;
    %jmp T_1.201;
T_1.12 ;
    %pushi/vec4 7, 0, 3;
    %store/vec4 v0x55fbf709c380_0, 0, 3;
    %jmp T_1.201;
T_1.13 ;
    %pushi/vec4 7, 0, 3;
    %store/vec4 v0x55fbf709c380_0, 0, 3;
    %jmp T_1.201;
T_1.14 ;
    %pushi/vec4 7, 0, 3;
    %store/vec4 v0x55fbf709c380_0, 0, 3;
    %jmp T_1.201;
T_1.15 ;
    %pushi/vec4 7, 0, 3;
    %store/vec4 v0x55fbf709c380_0, 0, 3;
    %jmp T_1.201;
T_1.16 ;
    %pushi/vec4 7, 0, 3;
    %store/vec4 v0x55fbf709c380_0, 0, 3;
    %jmp T_1.201;
T_1.17 ;
    %pushi/vec4 7, 0, 3;
    %store/vec4 v0x55fbf709c380_0, 0, 3;
    %jmp T_1.201;
T_1.18 ;
    %pushi/vec4 7, 0, 3;
    %store/vec4 v0x55fbf709c380_0, 0, 3;
    %jmp T_1.201;
T_1.19 ;
    %pushi/vec4 7, 0, 3;
    %store/vec4 v0x55fbf709c380_0, 0, 3;
    %jmp T_1.201;
T_1.20 ;
    %pushi/vec4 7, 0, 3;
    %store/vec4 v0x55fbf709c380_0, 0, 3;
    %jmp T_1.201;
T_1.21 ;
    %pushi/vec4 7, 0, 3;
    %store/vec4 v0x55fbf709c380_0, 0, 3;
    %jmp T_1.201;
T_1.22 ;
    %pushi/vec4 7, 0, 3;
    %store/vec4 v0x55fbf709c380_0, 0, 3;
    %jmp T_1.201;
T_1.23 ;
    %pushi/vec4 7, 0, 3;
    %store/vec4 v0x55fbf709c380_0, 0, 3;
    %jmp T_1.201;
T_1.24 ;
    %pushi/vec4 7, 0, 3;
    %store/vec4 v0x55fbf709c380_0, 0, 3;
    %jmp T_1.201;
T_1.25 ;
    %pushi/vec4 7, 0, 3;
    %store/vec4 v0x55fbf709c380_0, 0, 3;
    %jmp T_1.201;
T_1.26 ;
    %pushi/vec4 7, 0, 3;
    %store/vec4 v0x55fbf709c380_0, 0, 3;
    %jmp T_1.201;
T_1.27 ;
    %pushi/vec4 7, 0, 3;
    %store/vec4 v0x55fbf709c380_0, 0, 3;
    %jmp T_1.201;
T_1.28 ;
    %pushi/vec4 7, 0, 3;
    %store/vec4 v0x55fbf709c380_0, 0, 3;
    %jmp T_1.201;
T_1.29 ;
    %pushi/vec4 7, 0, 3;
    %store/vec4 v0x55fbf709c380_0, 0, 3;
    %jmp T_1.201;
T_1.30 ;
    %pushi/vec4 7, 0, 3;
    %store/vec4 v0x55fbf709c380_0, 0, 3;
    %jmp T_1.201;
T_1.31 ;
    %pushi/vec4 7, 0, 3;
    %store/vec4 v0x55fbf709c380_0, 0, 3;
    %jmp T_1.201;
T_1.32 ;
    %pushi/vec4 7, 0, 3;
    %store/vec4 v0x55fbf709c380_0, 0, 3;
    %jmp T_1.201;
T_1.33 ;
    %pushi/vec4 7, 0, 3;
    %store/vec4 v0x55fbf709c380_0, 0, 3;
    %jmp T_1.201;
T_1.34 ;
    %pushi/vec4 7, 0, 3;
    %store/vec4 v0x55fbf709c380_0, 0, 3;
    %jmp T_1.201;
T_1.35 ;
    %pushi/vec4 7, 0, 3;
    %store/vec4 v0x55fbf709c380_0, 0, 3;
    %jmp T_1.201;
T_1.36 ;
    %pushi/vec4 7, 0, 3;
    %store/vec4 v0x55fbf709c380_0, 0, 3;
    %jmp T_1.201;
T_1.37 ;
    %pushi/vec4 7, 0, 3;
    %store/vec4 v0x55fbf709c380_0, 0, 3;
    %jmp T_1.201;
T_1.38 ;
    %pushi/vec4 7, 0, 3;
    %store/vec4 v0x55fbf709c380_0, 0, 3;
    %jmp T_1.201;
T_1.39 ;
    %pushi/vec4 7, 0, 3;
    %store/vec4 v0x55fbf709c380_0, 0, 3;
    %jmp T_1.201;
T_1.40 ;
    %pushi/vec4 7, 0, 3;
    %store/vec4 v0x55fbf709c380_0, 0, 3;
    %jmp T_1.201;
T_1.41 ;
    %pushi/vec4 7, 0, 3;
    %store/vec4 v0x55fbf709c380_0, 0, 3;
    %jmp T_1.201;
T_1.42 ;
    %pushi/vec4 7, 0, 3;
    %store/vec4 v0x55fbf709c380_0, 0, 3;
    %jmp T_1.201;
T_1.43 ;
    %pushi/vec4 7, 0, 3;
    %store/vec4 v0x55fbf709c380_0, 0, 3;
    %jmp T_1.201;
T_1.44 ;
    %pushi/vec4 7, 0, 3;
    %store/vec4 v0x55fbf709c380_0, 0, 3;
    %jmp T_1.201;
T_1.45 ;
    %pushi/vec4 7, 0, 3;
    %store/vec4 v0x55fbf709c380_0, 0, 3;
    %jmp T_1.201;
T_1.46 ;
    %pushi/vec4 7, 0, 3;
    %store/vec4 v0x55fbf709c380_0, 0, 3;
    %jmp T_1.201;
T_1.47 ;
    %pushi/vec4 7, 0, 3;
    %store/vec4 v0x55fbf709c380_0, 0, 3;
    %jmp T_1.201;
T_1.48 ;
    %pushi/vec4 7, 0, 3;
    %store/vec4 v0x55fbf709c380_0, 0, 3;
    %jmp T_1.201;
T_1.49 ;
    %pushi/vec4 7, 0, 3;
    %store/vec4 v0x55fbf709c380_0, 0, 3;
    %jmp T_1.201;
T_1.50 ;
    %pushi/vec4 7, 0, 3;
    %store/vec4 v0x55fbf709c380_0, 0, 3;
    %jmp T_1.201;
T_1.51 ;
    %pushi/vec4 7, 0, 3;
    %store/vec4 v0x55fbf709c380_0, 0, 3;
    %jmp T_1.201;
T_1.52 ;
    %pushi/vec4 7, 0, 3;
    %store/vec4 v0x55fbf709c380_0, 0, 3;
    %jmp T_1.201;
T_1.53 ;
    %pushi/vec4 7, 0, 3;
    %store/vec4 v0x55fbf709c380_0, 0, 3;
    %jmp T_1.201;
T_1.54 ;
    %pushi/vec4 7, 0, 3;
    %store/vec4 v0x55fbf709c380_0, 0, 3;
    %jmp T_1.201;
T_1.55 ;
    %pushi/vec4 7, 0, 3;
    %store/vec4 v0x55fbf709c380_0, 0, 3;
    %jmp T_1.201;
T_1.56 ;
    %pushi/vec4 7, 0, 3;
    %store/vec4 v0x55fbf709c380_0, 0, 3;
    %jmp T_1.201;
T_1.57 ;
    %pushi/vec4 7, 0, 3;
    %store/vec4 v0x55fbf709c380_0, 0, 3;
    %jmp T_1.201;
T_1.58 ;
    %pushi/vec4 7, 0, 3;
    %store/vec4 v0x55fbf709c380_0, 0, 3;
    %jmp T_1.201;
T_1.59 ;
    %pushi/vec4 7, 0, 3;
    %store/vec4 v0x55fbf709c380_0, 0, 3;
    %jmp T_1.201;
T_1.60 ;
    %pushi/vec4 7, 0, 3;
    %store/vec4 v0x55fbf709c380_0, 0, 3;
    %jmp T_1.201;
T_1.61 ;
    %pushi/vec4 7, 0, 3;
    %store/vec4 v0x55fbf709c380_0, 0, 3;
    %jmp T_1.201;
T_1.62 ;
    %pushi/vec4 7, 0, 3;
    %store/vec4 v0x55fbf709c380_0, 0, 3;
    %jmp T_1.201;
T_1.63 ;
    %pushi/vec4 7, 0, 3;
    %store/vec4 v0x55fbf709c380_0, 0, 3;
    %jmp T_1.201;
T_1.64 ;
    %pushi/vec4 7, 0, 3;
    %store/vec4 v0x55fbf709c380_0, 0, 3;
    %jmp T_1.201;
T_1.65 ;
    %pushi/vec4 7, 0, 3;
    %store/vec4 v0x55fbf709c380_0, 0, 3;
    %jmp T_1.201;
T_1.66 ;
    %pushi/vec4 7, 0, 3;
    %store/vec4 v0x55fbf709c380_0, 0, 3;
    %jmp T_1.201;
T_1.67 ;
    %pushi/vec4 7, 0, 3;
    %store/vec4 v0x55fbf709c380_0, 0, 3;
    %jmp T_1.201;
T_1.68 ;
    %pushi/vec4 7, 0, 3;
    %store/vec4 v0x55fbf709c380_0, 0, 3;
    %jmp T_1.201;
T_1.69 ;
    %pushi/vec4 7, 0, 3;
    %store/vec4 v0x55fbf709c380_0, 0, 3;
    %jmp T_1.201;
T_1.70 ;
    %pushi/vec4 7, 0, 3;
    %store/vec4 v0x55fbf709c380_0, 0, 3;
    %jmp T_1.201;
T_1.71 ;
    %pushi/vec4 7, 0, 3;
    %store/vec4 v0x55fbf709c380_0, 0, 3;
    %jmp T_1.201;
T_1.72 ;
    %pushi/vec4 7, 0, 3;
    %store/vec4 v0x55fbf709c380_0, 0, 3;
    %jmp T_1.201;
T_1.73 ;
    %pushi/vec4 7, 0, 3;
    %store/vec4 v0x55fbf709c380_0, 0, 3;
    %jmp T_1.201;
T_1.74 ;
    %pushi/vec4 7, 0, 3;
    %store/vec4 v0x55fbf709c380_0, 0, 3;
    %jmp T_1.201;
T_1.75 ;
    %pushi/vec4 7, 0, 3;
    %store/vec4 v0x55fbf709c380_0, 0, 3;
    %jmp T_1.201;
T_1.76 ;
    %pushi/vec4 7, 0, 3;
    %store/vec4 v0x55fbf709c380_0, 0, 3;
    %jmp T_1.201;
T_1.77 ;
    %pushi/vec4 7, 0, 3;
    %store/vec4 v0x55fbf709c380_0, 0, 3;
    %jmp T_1.201;
T_1.78 ;
    %pushi/vec4 7, 0, 3;
    %store/vec4 v0x55fbf709c380_0, 0, 3;
    %jmp T_1.201;
T_1.79 ;
    %pushi/vec4 7, 0, 3;
    %store/vec4 v0x55fbf709c380_0, 0, 3;
    %jmp T_1.201;
T_1.80 ;
    %pushi/vec4 7, 0, 3;
    %store/vec4 v0x55fbf709c380_0, 0, 3;
    %jmp T_1.201;
T_1.81 ;
    %pushi/vec4 7, 0, 3;
    %store/vec4 v0x55fbf709c380_0, 0, 3;
    %jmp T_1.201;
T_1.82 ;
    %pushi/vec4 7, 0, 3;
    %store/vec4 v0x55fbf709c380_0, 0, 3;
    %jmp T_1.201;
T_1.83 ;
    %pushi/vec4 7, 0, 3;
    %store/vec4 v0x55fbf709c380_0, 0, 3;
    %jmp T_1.201;
T_1.84 ;
    %pushi/vec4 7, 0, 3;
    %store/vec4 v0x55fbf709c380_0, 0, 3;
    %jmp T_1.201;
T_1.85 ;
    %pushi/vec4 7, 0, 3;
    %store/vec4 v0x55fbf709c380_0, 0, 3;
    %jmp T_1.201;
T_1.86 ;
    %pushi/vec4 7, 0, 3;
    %store/vec4 v0x55fbf709c380_0, 0, 3;
    %jmp T_1.201;
T_1.87 ;
    %pushi/vec4 7, 0, 3;
    %store/vec4 v0x55fbf709c380_0, 0, 3;
    %jmp T_1.201;
T_1.88 ;
    %pushi/vec4 7, 0, 3;
    %store/vec4 v0x55fbf709c380_0, 0, 3;
    %jmp T_1.201;
T_1.89 ;
    %pushi/vec4 7, 0, 3;
    %store/vec4 v0x55fbf709c380_0, 0, 3;
    %jmp T_1.201;
T_1.90 ;
    %pushi/vec4 7, 0, 3;
    %store/vec4 v0x55fbf709c380_0, 0, 3;
    %jmp T_1.201;
T_1.91 ;
    %pushi/vec4 7, 0, 3;
    %store/vec4 v0x55fbf709c380_0, 0, 3;
    %jmp T_1.201;
T_1.92 ;
    %pushi/vec4 7, 0, 3;
    %store/vec4 v0x55fbf709c380_0, 0, 3;
    %jmp T_1.201;
T_1.93 ;
    %pushi/vec4 7, 0, 3;
    %store/vec4 v0x55fbf709c380_0, 0, 3;
    %jmp T_1.201;
T_1.94 ;
    %pushi/vec4 7, 0, 3;
    %store/vec4 v0x55fbf709c380_0, 0, 3;
    %jmp T_1.201;
T_1.95 ;
    %pushi/vec4 7, 0, 3;
    %store/vec4 v0x55fbf709c380_0, 0, 3;
    %jmp T_1.201;
T_1.96 ;
    %pushi/vec4 7, 0, 3;
    %store/vec4 v0x55fbf709c380_0, 0, 3;
    %jmp T_1.201;
T_1.97 ;
    %pushi/vec4 7, 0, 3;
    %store/vec4 v0x55fbf709c380_0, 0, 3;
    %jmp T_1.201;
T_1.98 ;
    %pushi/vec4 7, 0, 3;
    %store/vec4 v0x55fbf709c380_0, 0, 3;
    %jmp T_1.201;
T_1.99 ;
    %pushi/vec4 7, 0, 3;
    %store/vec4 v0x55fbf709c380_0, 0, 3;
    %jmp T_1.201;
T_1.100 ;
    %pushi/vec4 7, 0, 3;
    %store/vec4 v0x55fbf709c380_0, 0, 3;
    %jmp T_1.201;
T_1.101 ;
    %pushi/vec4 7, 0, 3;
    %store/vec4 v0x55fbf709c380_0, 0, 3;
    %jmp T_1.201;
T_1.102 ;
    %pushi/vec4 7, 0, 3;
    %store/vec4 v0x55fbf709c380_0, 0, 3;
    %jmp T_1.201;
T_1.103 ;
    %pushi/vec4 7, 0, 3;
    %store/vec4 v0x55fbf709c380_0, 0, 3;
    %jmp T_1.201;
T_1.104 ;
    %pushi/vec4 7, 0, 3;
    %store/vec4 v0x55fbf709c380_0, 0, 3;
    %jmp T_1.201;
T_1.105 ;
    %pushi/vec4 7, 0, 3;
    %store/vec4 v0x55fbf709c380_0, 0, 3;
    %jmp T_1.201;
T_1.106 ;
    %pushi/vec4 7, 0, 3;
    %store/vec4 v0x55fbf709c380_0, 0, 3;
    %jmp T_1.201;
T_1.107 ;
    %pushi/vec4 7, 0, 3;
    %store/vec4 v0x55fbf709c380_0, 0, 3;
    %jmp T_1.201;
T_1.108 ;
    %pushi/vec4 7, 0, 3;
    %store/vec4 v0x55fbf709c380_0, 0, 3;
    %jmp T_1.201;
T_1.109 ;
    %pushi/vec4 7, 0, 3;
    %store/vec4 v0x55fbf709c380_0, 0, 3;
    %jmp T_1.201;
T_1.110 ;
    %pushi/vec4 7, 0, 3;
    %store/vec4 v0x55fbf709c380_0, 0, 3;
    %jmp T_1.201;
T_1.111 ;
    %pushi/vec4 7, 0, 3;
    %store/vec4 v0x55fbf709c380_0, 0, 3;
    %jmp T_1.201;
T_1.112 ;
    %pushi/vec4 7, 0, 3;
    %store/vec4 v0x55fbf709c380_0, 0, 3;
    %jmp T_1.201;
T_1.113 ;
    %pushi/vec4 7, 0, 3;
    %store/vec4 v0x55fbf709c380_0, 0, 3;
    %jmp T_1.201;
T_1.114 ;
    %pushi/vec4 7, 0, 3;
    %store/vec4 v0x55fbf709c380_0, 0, 3;
    %jmp T_1.201;
T_1.115 ;
    %pushi/vec4 7, 0, 3;
    %store/vec4 v0x55fbf709c380_0, 0, 3;
    %jmp T_1.201;
T_1.116 ;
    %pushi/vec4 7, 0, 3;
    %store/vec4 v0x55fbf709c380_0, 0, 3;
    %jmp T_1.201;
T_1.117 ;
    %pushi/vec4 7, 0, 3;
    %store/vec4 v0x55fbf709c380_0, 0, 3;
    %jmp T_1.201;
T_1.118 ;
    %pushi/vec4 7, 0, 3;
    %store/vec4 v0x55fbf709c380_0, 0, 3;
    %jmp T_1.201;
T_1.119 ;
    %pushi/vec4 7, 0, 3;
    %store/vec4 v0x55fbf709c380_0, 0, 3;
    %jmp T_1.201;
T_1.120 ;
    %pushi/vec4 7, 0, 3;
    %store/vec4 v0x55fbf709c380_0, 0, 3;
    %jmp T_1.201;
T_1.121 ;
    %pushi/vec4 7, 0, 3;
    %store/vec4 v0x55fbf709c380_0, 0, 3;
    %jmp T_1.201;
T_1.122 ;
    %pushi/vec4 7, 0, 3;
    %store/vec4 v0x55fbf709c380_0, 0, 3;
    %jmp T_1.201;
T_1.123 ;
    %pushi/vec4 7, 0, 3;
    %store/vec4 v0x55fbf709c380_0, 0, 3;
    %jmp T_1.201;
T_1.124 ;
    %pushi/vec4 7, 0, 3;
    %store/vec4 v0x55fbf709c380_0, 0, 3;
    %jmp T_1.201;
T_1.125 ;
    %pushi/vec4 7, 0, 3;
    %store/vec4 v0x55fbf709c380_0, 0, 3;
    %jmp T_1.201;
T_1.126 ;
    %pushi/vec4 7, 0, 3;
    %store/vec4 v0x55fbf709c380_0, 0, 3;
    %jmp T_1.201;
T_1.127 ;
    %pushi/vec4 7, 0, 3;
    %store/vec4 v0x55fbf709c380_0, 0, 3;
    %jmp T_1.201;
T_1.128 ;
    %pushi/vec4 7, 0, 3;
    %store/vec4 v0x55fbf709c380_0, 0, 3;
    %jmp T_1.201;
T_1.129 ;
    %pushi/vec4 7, 0, 3;
    %store/vec4 v0x55fbf709c380_0, 0, 3;
    %jmp T_1.201;
T_1.130 ;
    %pushi/vec4 7, 0, 3;
    %store/vec4 v0x55fbf709c380_0, 0, 3;
    %jmp T_1.201;
T_1.131 ;
    %pushi/vec4 7, 0, 3;
    %store/vec4 v0x55fbf709c380_0, 0, 3;
    %jmp T_1.201;
T_1.132 ;
    %pushi/vec4 7, 0, 3;
    %store/vec4 v0x55fbf709c380_0, 0, 3;
    %jmp T_1.201;
T_1.133 ;
    %pushi/vec4 7, 0, 3;
    %store/vec4 v0x55fbf709c380_0, 0, 3;
    %jmp T_1.201;
T_1.134 ;
    %pushi/vec4 7, 0, 3;
    %store/vec4 v0x55fbf709c380_0, 0, 3;
    %jmp T_1.201;
T_1.135 ;
    %pushi/vec4 7, 0, 3;
    %store/vec4 v0x55fbf709c380_0, 0, 3;
    %jmp T_1.201;
T_1.136 ;
    %pushi/vec4 7, 0, 3;
    %store/vec4 v0x55fbf709c380_0, 0, 3;
    %jmp T_1.201;
T_1.137 ;
    %pushi/vec4 7, 0, 3;
    %store/vec4 v0x55fbf709c380_0, 0, 3;
    %jmp T_1.201;
T_1.138 ;
    %pushi/vec4 7, 0, 3;
    %store/vec4 v0x55fbf709c380_0, 0, 3;
    %jmp T_1.201;
T_1.139 ;
    %pushi/vec4 7, 0, 3;
    %store/vec4 v0x55fbf709c380_0, 0, 3;
    %jmp T_1.201;
T_1.140 ;
    %pushi/vec4 7, 0, 3;
    %store/vec4 v0x55fbf709c380_0, 0, 3;
    %jmp T_1.201;
T_1.141 ;
    %pushi/vec4 7, 0, 3;
    %store/vec4 v0x55fbf709c380_0, 0, 3;
    %jmp T_1.201;
T_1.142 ;
    %pushi/vec4 7, 0, 3;
    %store/vec4 v0x55fbf709c380_0, 0, 3;
    %jmp T_1.201;
T_1.143 ;
    %pushi/vec4 7, 0, 3;
    %store/vec4 v0x55fbf709c380_0, 0, 3;
    %jmp T_1.201;
T_1.144 ;
    %pushi/vec4 7, 0, 3;
    %store/vec4 v0x55fbf709c380_0, 0, 3;
    %jmp T_1.201;
T_1.145 ;
    %pushi/vec4 7, 0, 3;
    %store/vec4 v0x55fbf709c380_0, 0, 3;
    %jmp T_1.201;
T_1.146 ;
    %pushi/vec4 7, 0, 3;
    %store/vec4 v0x55fbf709c380_0, 0, 3;
    %jmp T_1.201;
T_1.147 ;
    %pushi/vec4 7, 0, 3;
    %store/vec4 v0x55fbf709c380_0, 0, 3;
    %jmp T_1.201;
T_1.148 ;
    %pushi/vec4 7, 0, 3;
    %store/vec4 v0x55fbf709c380_0, 0, 3;
    %jmp T_1.201;
T_1.149 ;
    %pushi/vec4 7, 0, 3;
    %store/vec4 v0x55fbf709c380_0, 0, 3;
    %jmp T_1.201;
T_1.150 ;
    %pushi/vec4 7, 0, 3;
    %store/vec4 v0x55fbf709c380_0, 0, 3;
    %jmp T_1.201;
T_1.151 ;
    %pushi/vec4 7, 0, 3;
    %store/vec4 v0x55fbf709c380_0, 0, 3;
    %jmp T_1.201;
T_1.152 ;
    %pushi/vec4 7, 0, 3;
    %store/vec4 v0x55fbf709c380_0, 0, 3;
    %jmp T_1.201;
T_1.153 ;
    %pushi/vec4 7, 0, 3;
    %store/vec4 v0x55fbf709c380_0, 0, 3;
    %jmp T_1.201;
T_1.154 ;
    %pushi/vec4 7, 0, 3;
    %store/vec4 v0x55fbf709c380_0, 0, 3;
    %jmp T_1.201;
T_1.155 ;
    %pushi/vec4 7, 0, 3;
    %store/vec4 v0x55fbf709c380_0, 0, 3;
    %jmp T_1.201;
T_1.156 ;
    %pushi/vec4 7, 0, 3;
    %store/vec4 v0x55fbf709c380_0, 0, 3;
    %jmp T_1.201;
T_1.157 ;
    %pushi/vec4 7, 0, 3;
    %store/vec4 v0x55fbf709c380_0, 0, 3;
    %jmp T_1.201;
T_1.158 ;
    %pushi/vec4 7, 0, 3;
    %store/vec4 v0x55fbf709c380_0, 0, 3;
    %jmp T_1.201;
T_1.159 ;
    %pushi/vec4 7, 0, 3;
    %store/vec4 v0x55fbf709c380_0, 0, 3;
    %jmp T_1.201;
T_1.160 ;
    %pushi/vec4 7, 0, 3;
    %store/vec4 v0x55fbf709c380_0, 0, 3;
    %jmp T_1.201;
T_1.161 ;
    %pushi/vec4 7, 0, 3;
    %store/vec4 v0x55fbf709c380_0, 0, 3;
    %jmp T_1.201;
T_1.162 ;
    %pushi/vec4 7, 0, 3;
    %store/vec4 v0x55fbf709c380_0, 0, 3;
    %jmp T_1.201;
T_1.163 ;
    %pushi/vec4 7, 0, 3;
    %store/vec4 v0x55fbf709c380_0, 0, 3;
    %jmp T_1.201;
T_1.164 ;
    %pushi/vec4 7, 0, 3;
    %store/vec4 v0x55fbf709c380_0, 0, 3;
    %jmp T_1.201;
T_1.165 ;
    %pushi/vec4 7, 0, 3;
    %store/vec4 v0x55fbf709c380_0, 0, 3;
    %jmp T_1.201;
T_1.166 ;
    %pushi/vec4 7, 0, 3;
    %store/vec4 v0x55fbf709c380_0, 0, 3;
    %jmp T_1.201;
T_1.167 ;
    %pushi/vec4 7, 0, 3;
    %store/vec4 v0x55fbf709c380_0, 0, 3;
    %jmp T_1.201;
T_1.168 ;
    %pushi/vec4 7, 0, 3;
    %store/vec4 v0x55fbf709c380_0, 0, 3;
    %jmp T_1.201;
T_1.169 ;
    %pushi/vec4 7, 0, 3;
    %store/vec4 v0x55fbf709c380_0, 0, 3;
    %jmp T_1.201;
T_1.170 ;
    %pushi/vec4 7, 0, 3;
    %store/vec4 v0x55fbf709c380_0, 0, 3;
    %jmp T_1.201;
T_1.171 ;
    %pushi/vec4 7, 0, 3;
    %store/vec4 v0x55fbf709c380_0, 0, 3;
    %jmp T_1.201;
T_1.172 ;
    %pushi/vec4 7, 0, 3;
    %store/vec4 v0x55fbf709c380_0, 0, 3;
    %jmp T_1.201;
T_1.173 ;
    %pushi/vec4 7, 0, 3;
    %store/vec4 v0x55fbf709c380_0, 0, 3;
    %jmp T_1.201;
T_1.174 ;
    %pushi/vec4 7, 0, 3;
    %store/vec4 v0x55fbf709c380_0, 0, 3;
    %jmp T_1.201;
T_1.175 ;
    %pushi/vec4 7, 0, 3;
    %store/vec4 v0x55fbf709c380_0, 0, 3;
    %jmp T_1.201;
T_1.176 ;
    %pushi/vec4 7, 0, 3;
    %store/vec4 v0x55fbf709c380_0, 0, 3;
    %jmp T_1.201;
T_1.177 ;
    %pushi/vec4 7, 0, 3;
    %store/vec4 v0x55fbf709c380_0, 0, 3;
    %jmp T_1.201;
T_1.178 ;
    %pushi/vec4 7, 0, 3;
    %store/vec4 v0x55fbf709c380_0, 0, 3;
    %jmp T_1.201;
T_1.179 ;
    %pushi/vec4 7, 0, 3;
    %store/vec4 v0x55fbf709c380_0, 0, 3;
    %jmp T_1.201;
T_1.180 ;
    %pushi/vec4 7, 0, 3;
    %store/vec4 v0x55fbf709c380_0, 0, 3;
    %jmp T_1.201;
T_1.181 ;
    %pushi/vec4 7, 0, 3;
    %store/vec4 v0x55fbf709c380_0, 0, 3;
    %jmp T_1.201;
T_1.182 ;
    %pushi/vec4 7, 0, 3;
    %store/vec4 v0x55fbf709c380_0, 0, 3;
    %jmp T_1.201;
T_1.183 ;
    %pushi/vec4 7, 0, 3;
    %store/vec4 v0x55fbf709c380_0, 0, 3;
    %jmp T_1.201;
T_1.184 ;
    %pushi/vec4 7, 0, 3;
    %store/vec4 v0x55fbf709c380_0, 0, 3;
    %jmp T_1.201;
T_1.185 ;
    %pushi/vec4 7, 0, 3;
    %store/vec4 v0x55fbf709c380_0, 0, 3;
    %jmp T_1.201;
T_1.186 ;
    %pushi/vec4 7, 0, 3;
    %store/vec4 v0x55fbf709c380_0, 0, 3;
    %jmp T_1.201;
T_1.187 ;
    %pushi/vec4 7, 0, 3;
    %store/vec4 v0x55fbf709c380_0, 0, 3;
    %jmp T_1.201;
T_1.188 ;
    %pushi/vec4 7, 0, 3;
    %store/vec4 v0x55fbf709c380_0, 0, 3;
    %jmp T_1.201;
T_1.189 ;
    %pushi/vec4 7, 0, 3;
    %store/vec4 v0x55fbf709c380_0, 0, 3;
    %jmp T_1.201;
T_1.190 ;
    %pushi/vec4 7, 0, 3;
    %store/vec4 v0x55fbf709c380_0, 0, 3;
    %jmp T_1.201;
T_1.191 ;
    %pushi/vec4 7, 0, 3;
    %store/vec4 v0x55fbf709c380_0, 0, 3;
    %jmp T_1.201;
T_1.192 ;
    %pushi/vec4 7, 0, 3;
    %store/vec4 v0x55fbf709c380_0, 0, 3;
    %jmp T_1.201;
T_1.193 ;
    %pushi/vec4 7, 0, 3;
    %store/vec4 v0x55fbf709c380_0, 0, 3;
    %jmp T_1.201;
T_1.194 ;
    %pushi/vec4 7, 0, 3;
    %store/vec4 v0x55fbf709c380_0, 0, 3;
    %jmp T_1.201;
T_1.195 ;
    %pushi/vec4 7, 0, 3;
    %store/vec4 v0x55fbf709c380_0, 0, 3;
    %jmp T_1.201;
T_1.196 ;
    %pushi/vec4 7, 0, 3;
    %store/vec4 v0x55fbf709c380_0, 0, 3;
    %jmp T_1.201;
T_1.197 ;
    %pushi/vec4 7, 0, 3;
    %store/vec4 v0x55fbf709c380_0, 0, 3;
    %jmp T_1.201;
T_1.198 ;
    %pushi/vec4 7, 0, 3;
    %store/vec4 v0x55fbf709c380_0, 0, 3;
    %jmp T_1.201;
T_1.199 ;
    %pushi/vec4 7, 0, 3;
    %store/vec4 v0x55fbf709c380_0, 0, 3;
    %jmp T_1.201;
T_1.201 ;
    %pop/vec4 1;
    %jmp T_1;
    .thread T_1, $push;
    .scope S_0x55fbf706fc50;
T_2 ;
    %wait E_0x55fbf707ff60;
    %load/vec4 v0x55fbf709fd60_0;
    %nor/r;
    %flag_set/vec4 8;
    %jmp/0xz  T_2.0, 8;
    %pushi/vec4 0, 0, 20;
    %assign/vec4 v0x55fbf70a0060_0, 0;
    %jmp T_2.1;
T_2.0 ;
    %load/vec4 v0x55fbf70a0140_0;
    %assign/vec4 v0x55fbf70a0060_0, 0;
T_2.1 ;
    %jmp T_2;
    .thread T_2;
    .scope S_0x55fbf706fc50;
T_3 ;
    %wait E_0x55fbf707ff60;
    %load/vec4 v0x55fbf709eba0_0;
    %flag_set/vec4 8;
    %jmp/0xz  T_3.0, 8;
    %pushi/vec4 0, 0, 11;
    %assign/vec4 v0x55fbf709ef60_0, 0;
    %jmp T_3.1;
T_3.0 ;
    %load/vec4 v0x55fbf709f040_0;
    %assign/vec4 v0x55fbf709ef60_0, 0;
T_3.1 ;
    %jmp T_3;
    .thread T_3;
    .scope S_0x55fbf706fc50;
T_4 ;
    %wait E_0x55fbf709c7e0;
    %load/vec4 v0x55fbf70a0060_0;
    %pad/u 32;
    %cmpi/e 839999, 0, 32;
    %jmp/0xz  T_4.0, 4;
    %pushi/vec4 0, 0, 20;
    %store/vec4 v0x55fbf70a0140_0, 0, 20;
    %jmp T_4.1;
T_4.0 ;
    %load/vec4 v0x55fbf70a0060_0;
    %addi 1, 0, 20;
    %store/vec4 v0x55fbf70a0140_0, 0, 20;
T_4.1 ;
    %jmp T_4;
    .thread T_4, $push;
    .scope S_0x55fbf706fc50;
T_5 ;
    %wait E_0x55fbf709c780;
    %load/vec4 v0x55fbf709ef60_0;
    %pad/u 32;
    %cmpi/e 1599, 0, 32;
    %jmp/0xz  T_5.0, 4;
    %pushi/vec4 0, 0, 11;
    %store/vec4 v0x55fbf709f040_0, 0, 11;
    %jmp T_5.1;
T_5.0 ;
    %load/vec4 v0x55fbf709ef60_0;
    %addi 1, 0, 11;
    %store/vec4 v0x55fbf709f040_0, 0, 11;
T_5.1 ;
    %jmp T_5;
    .thread T_5, $push;
    .scope S_0x55fbf706fc50;
T_6 ;
    %wait E_0x55fbf707ff60;
    %load/vec4 v0x55fbf709f660_0;
    %assign/vec4 v0x55fbf709e660_0, 0;
    %load/vec4 v0x55fbf709e660_0;
    %flag_set/vec4 8;
    %jmp/0xz  T_6.0, 8;
    %load/vec4 v0x55fbf709f420_0;
    %assign/vec4 v0x55fbf709fca0_0, 0;
    %load/vec4 v0x55fbf709f360_0;
    %assign/vec4 v0x55fbf709ec60_0, 0;
    %load/vec4 v0x55fbf709f2a0_0;
    %assign/vec4 v0x55fbf709e4e0_0, 0;
T_6.0 ;
    %jmp T_6;
    .thread T_6;
    .scope S_0x55fbf706fc50;
T_7 ;
    %wait E_0x55fbf707ff60;
    %load/vec4 v0x55fbf709ea20_0;
    %assign/vec4 v0x55fbf709eae0_0, 0;
    %load/vec4 v0x55fbf709e8a0_0;
    %assign/vec4 v0x55fbf709e960_0, 0;
    %load/vec4 v0x55fbf709e720_0;
    %assign/vec4 v0x55fbf709e7e0_0, 0;
    %jmp T_7;
    .thread T_7;
    .scope S_0x55fbf706fc50;
T_8 ;
    %wait E_0x55fbf707ff60;
    %load/vec4 v0x55fbf709ed20_0;
    %assign/vec4 v0x55fbf709ede0_0, 0;
    %load/vec4 v0x55fbf709fe20_0;
    %assign/vec4 v0x55fbf709fee0_0, 0;
    %load/vec4 v0x55fbf709ede0_0;
    %assign/vec4 v0x55fbf709eea0_0, 0;
    %load/vec4 v0x55fbf709fee0_0;
    %assign/vec4 v0x55fbf709ffa0_0, 0;
    %jmp T_8;
    .thread T_8;
    .scope S_0x55fbf7025c60;
T_9 ;
    %pushi/vec4 0, 0, 1;
    %store/vec4 v0x55fbf70a0dd0_0, 0, 1;
    %delay 1000000, 0;
    %pushi/vec4 1, 0, 1;
    %store/vec4 v0x55fbf70a0dd0_0, 0, 1;
    %end;
    .thread T_9;
    .scope S_0x55fbf7025c60;
T_10 ;
    %wait E_0x55fbf7059aa0;
    %load/vec4 v0x55fbf70a0dd0_0;
    %nor/r;
    %flag_set/vec4 8;
    %jmp/0xz  T_10.0, 8;
    %pushi/vec4 0, 0, 1;
    %assign/vec4 v0x55fbf70a0f10_0, 0;
    %jmp T_10.1;
T_10.0 ;
    %pushi/vec4 1, 0, 1;
    %assign/vec4 v0x55fbf70a0f10_0, 0;
T_10.1 ;
    %jmp T_10;
    .thread T_10;
    .scope S_0x55fbf7025c60;
T_11 ;
    %pushi/vec4 0, 0, 1;
    %assign/vec4 v0x55fbf70a06f0_0, 0;
    %end;
    .thread T_11;
    .scope S_0x55fbf7025c60;
T_12 ;
    %wait E_0x55fbf707ff60;
    %load/vec4 v0x55fbf70a06f0_0;
    %inv;
    %assign/vec4 v0x55fbf70a06f0_0, 0;
    %jmp T_12;
    .thread T_12;
    .scope S_0x55fbf70261a0;
T_13 ;
    %pushi/vec4 0, 0, 1;
    %store/vec4 v0x55fbf70a1020_0, 0, 1;
    %pushi/vec4 0, 0, 32;
    %store/vec4 v0x55fbf70a1190_0, 0, 32;
    %delay 100000, 0;
T_13.0 ;
    %delay 20000, 0;
    %load/vec4 v0x55fbf70a1020_0;
    %inv;
    %store/vec4 v0x55fbf70a1020_0, 0, 1;
    %jmp T_13.0;
    %end;
    .thread T_13;
    .scope S_0x55fbf70261a0;
T_14 ;
    %vpi_call 2 33 "$dumpfile", "test.vcd" {0 0 0};
    %vpi_call 2 34 "$dumpvars", 32'sb00000000000000000000000000000000, S_0x55fbf70261a0 {0 0 0};
    %vpi_call 2 35 "$display", "*********Simulation Start*************" {0 0 0};
    %pushi/vec4 1, 0, 1;
    %store/vec4 v0x55fbf70a10f0_0, 0, 1;
    %delay 200000, 0;
    %pushi/vec4 0, 0, 1;
    %store/vec4 v0x55fbf70a10f0_0, 0, 1;
    %delay 200000, 0;
    %pushi/vec4 1, 0, 1;
    %store/vec4 v0x55fbf70a10f0_0, 0, 1;
T_14.0 ;
    %load/vec4 v0x55fbf70a1190_0;
    %pushi/vec4 2000000, 0, 32;
    %cmp/e;
    %flag_get/vec4 4;
    %cmpi/ne 1, 0, 1;
    %jmp/0xz T_14.1, 6;
    %wait E_0x55fbf7059c30;
    %jmp T_14.0;
T_14.1 ;
    %vpi_call 2 40 "$display", "*********Simulation End*************" {0 0 0};
    %vpi_call 2 41 "$finish" {0 0 0};
    %end;
    .thread T_14;
    .scope S_0x55fbf70261a0;
T_15 ;
    %wait E_0x55fbf7059aa0;
    %load/vec4 v0x55fbf70a1190_0;
    %addi 1, 0, 32;
    %assign/vec4 v0x55fbf70a1190_0, 0;
    %jmp T_15;
    .thread T_15;
# The file index is used to find the file name in the following table.
:file_names 5;
    "N/A";
    "<interactive>";
    "tb.v";
    "./../vmodel/ice40_vga_driver.v";
    "./../vmodel/vga_driver.v";
